<?xml version="1.0" encoding="UTF-8"?>
<!-- Generated by org.testng.reporters.JUnitReportReporter -->
<testsuite skipped="0" hostname="HP-PC" name="com.qa.restTest.PUTReqDemo" tests="1" failures="0" timestamp="23 Aug 2018 04:15:55 GMT" time="4.960" errors="0">
  <testcase name="PUTReq" time="4.960" classname="com.qa.restTest.PUTReqDemo"/>
</testsuite> <!-- com.qa.restTest.PUTReqDemo -->
