<?xml version="1.0" encoding="UTF-8"?>
<!-- Generated by org.testng.reporters.JUnitReportReporter -->
<testsuite skipped="0" hostname="HP-PC" name="com.qa.restTest.PostCallPract1" tests="1" failures="0" timestamp="22 Aug 2018 11:04:10 GMT" time="4.127" errors="0">
  <testcase name="PostRequestDemo" time="4.127" classname="com.qa.restTest.PostCallPract1"/>
</testsuite> <!-- com.qa.restTest.PostCallPract1 -->
