<?xml version="1.0" encoding="UTF-8"?>
<!-- Generated by org.testng.reporters.JUnitReportReporter -->
<testsuite skipped="0" hostname="HP-PC" name="com.qa.restTest.GetReqPracto" tests="1" failures="0" timestamp="21 Aug 2018 05:13:41 GMT" time="3.972" errors="0">
  <testcase name="getWeatherInfo" time="3.972" classname="com.qa.restTest.GetReqPracto"/>
</testsuite> <!-- com.qa.restTest.GetReqPracto -->
