<?xml version="1.0" encoding="UTF-8"?>
<!-- Generated by org.testng.reporters.JUnitReportReporter -->
<testsuite skipped="0" hostname="HP-PC" name="com.qa.restTest.WeatherGETTest" tests="2" failures="0" timestamp="22 Aug 2018 04:09:22 GMT" time="5.651" errors="0">
  <testcase name="getWeatherDetailsWithInCorrectCityNameTest" time="0.002" classname="com.qa.restTest.WeatherGETTest"/>
  <testcase name="getWeatherDetailsWithCorrectCityNameTest" time="5.649" classname="com.qa.restTest.WeatherGETTest"/>
</testsuite> <!-- com.qa.restTest.WeatherGETTest -->
