<?xml version="1.0" encoding="UTF-8"?>
<!-- Generated by org.testng.reporters.JUnitReportReporter -->
<testsuite skipped="0" hostname="HP-PC" name="com.qa.restTest.DeleteReqPracto" tests="1" failures="0" timestamp="22 Aug 2018 10:04:21 GMT" time="3.458" errors="0">
  <testcase name="deleteRequest" time="3.458" classname="com.qa.restTest.DeleteReqPracto"/>
</testsuite> <!-- com.qa.restTest.DeleteReqPracto -->
