<?xml version="1.0" encoding="UTF-8"?>
<!-- Generated by org.testng.reporters.JUnitReportReporter -->
<testsuite skipped="0" hostname="HP-PC" name="com.qa.restTest.GetTest" tests="2" failures="0" timestamp="07 Jul 2018 15:38:06 GMT" time="3.166" errors="0">
  <testcase name="getWeatherDetailsWithCorrectCity" time="1.897" classname="com.qa.restTest.GetTest"/>
  <testcase name="getWeatherDetailsWithInCorrectCity" time="1.269" classname="com.qa.restTest.GetTest"/>
</testsuite> <!-- com.qa.restTest.GetTest -->
