<?xml version="1.0" encoding="UTF-8"?>
<!-- Generated by org.testng.reporters.JUnitReportReporter -->
<testsuite skipped="0" hostname="HP-PC" name="com.qa.restTest.GetReqPracto1" tests="1" failures="0" timestamp="22 Aug 2018 03:43:04 GMT" time="3.936" errors="0">
  <testcase name="getDetails" time="3.936" classname="com.qa.restTest.GetReqPracto1"/>
</testsuite> <!-- com.qa.restTest.GetReqPracto1 -->
