<?xml version="1.0" encoding="UTF-8"?>
<!-- Generated by org.testng.reporters.JUnitReportReporter -->
<testsuite skipped="0" hostname="HP-PC" name="com.qa.restTest.PostCallWithDeserializationConcept" tests="1" failures="0" timestamp="23 Aug 2018 05:04:11 GMT" time="3.641" errors="0">
  <testcase name="createCustomerTest" time="3.641" classname="com.qa.restTest.PostCallWithDeserializationConcept"/>
</testsuite> <!-- com.qa.restTest.PostCallWithDeserializationConcept -->
