<?xml version="1.0" encoding="UTF-8"?>
<!-- Generated by org.testng.reporters.JUnitReportReporter -->
<testsuite skipped="0" hostname="HP-PC" name="com.qa.restTest.PostRegisterSucessfulDemo" tests="1" failures="0" timestamp="23 Aug 2018 03:43:37 GMT" time="3.676" errors="0">
  <testcase name="RegisterSucessFulTest" time="3.676" classname="com.qa.restTest.PostRegisterSucessfulDemo"/>
</testsuite> <!-- com.qa.restTest.PostRegisterSucessfulDemo -->
