<?xml version="1.0" encoding="UTF-8"?>
<!-- Generated by org.testng.reporters.JUnitReportReporter -->
<testsuite skipped="0" hostname="HP-PC" name="com.qa.restTest.WeatherGETTest" tests="2" failures="0" timestamp="21 Aug 2018 03:50:08 GMT" time="2.513" errors="0">
  <testcase name="getWeatherDetailsWithInCorrectCityNameTest" time="0.000" classname="com.qa.restTest.WeatherGETTest"/>
  <testcase name="getWeatherDetailsWithCorrectCityNameTest" time="2.513" classname="com.qa.restTest.WeatherGETTest"/>
</testsuite> <!-- com.qa.restTest.WeatherGETTest -->
