<?xml version="1.0" encoding="UTF-8"?>
<!-- Generated by org.testng.reporters.JUnitReportReporter -->
<testsuite skipped="0" hostname="HP-PC" name="com.qa.restTest.GetTest" tests="2" failures="0" timestamp="21 Aug 2018 03:50:08 GMT" time="11.439" errors="0">
  <testcase name="getWeatherDetailsWithInCorrectCity" time="2.099" classname="com.qa.restTest.GetTest"/>
  <testcase name="getWeatherDetailsWithCorrectCity" time="9.340" classname="com.qa.restTest.GetTest"/>
</testsuite> <!-- com.qa.restTest.GetTest -->
